[2014-04-28 22:04:00.035] [INFO] crash-log - [32m[D:\projects\git\CrosswordServer\game-server\node_modules\pomelo\lib\master\master.js] [39m[gate],[gate-server-1],[1398693840035],[disconnect]
[2014-04-28 22:04:00.037] [INFO] crash-log - [32m[D:\projects\git\CrosswordServer\game-server\node_modules\pomelo\lib\master\master.js] [39m[connector],[connector-server-1],[1398693840037],[disconnect]
[2014-04-28 22:04:00.039] [INFO] crash-log - [32m[D:\projects\git\CrosswordServer\game-server\node_modules\pomelo\lib\master\master.js] [39m[crossword],[crossword-server-1],[1398693840039],[disconnect]
[2014-04-28 22:15:44.215] [INFO] crash-log - [32m[D:\projects\git\CrosswordServer\game-server\node_modules\pomelo\lib\master\master.js] [39m[gate],[gate-server-1],[1398694544215],[disconnect]
[2014-04-28 22:15:44.215] [INFO] crash-log - [32m[D:\projects\git\CrosswordServer\game-server\node_modules\pomelo\lib\master\master.js] [39m[crossword],[crossword-server-1],[1398694544215],[disconnect]
[2014-04-28 22:15:44.215] [INFO] crash-log - [32m[D:\projects\git\CrosswordServer\game-server\node_modules\pomelo\lib\master\master.js] [39m[connector],[connector-server-1],[1398694544215],[disconnect]
[2014-04-28 22:47:56.615] [INFO] crash-log - [32m[D:\projects\git\CrosswordServer\game-server\node_modules\pomelo\lib\master\master.js] [39m[gate],[gate-server-1],[1398696476615],[disconnect]
[2014-04-28 22:47:56.616] [INFO] crash-log - [32m[D:\projects\git\CrosswordServer\game-server\node_modules\pomelo\lib\master\master.js] [39m[connector],[connector-server-1],[1398696476616],[disconnect]
[2014-04-28 22:47:56.617] [INFO] crash-log - [32m[D:\projects\git\CrosswordServer\game-server\node_modules\pomelo\lib\master\master.js] [39m[crossword],[crossword-server-1],[1398696476617],[disconnect]
[2014-04-28 22:53:56.326] [INFO] crash-log - [32m[D:\projects\git\CrosswordServer\game-server\node_modules\pomelo\lib\master\master.js] [39m[crossword],[crossword-server-1],[1398696836326],[disconnect]
[2014-04-28 22:53:56.336] [INFO] crash-log - [32m[D:\projects\git\CrosswordServer\game-server\node_modules\pomelo\lib\master\master.js] [39m[gate],[gate-server-1],[1398696836336],[disconnect]
[2014-04-29 00:20:45.620] [INFO] crash-log - [32m[D:\projects\git\CrosswordServer\game-server\node_modules\pomelo\lib\master\master.js] [39m[crossword],[crossword-server-1],[1398702045620],[disconnect]
[2014-04-29 00:20:45.620] [INFO] crash-log - [32m[D:\projects\git\CrosswordServer\game-server\node_modules\pomelo\lib\master\master.js] [39m[gate],[gate-server-1],[1398702045620],[disconnect]
[2014-04-29 00:20:45.620] [INFO] crash-log - [32m[D:\projects\git\CrosswordServer\game-server\node_modules\pomelo\lib\master\master.js] [39m[connector],[connector-server-1],[1398702045620],[disconnect]
[2014-04-29 00:21:33.325] [INFO] crash-log - [32m[D:\projects\git\CrosswordServer\game-server\node_modules\pomelo\lib\master\master.js] [39m[crossword],[crossword-server-1],[1398702093325],[disconnect]
[2014-04-29 00:21:33.325] [INFO] crash-log - [32m[D:\projects\git\CrosswordServer\game-server\node_modules\pomelo\lib\master\master.js] [39m[gate],[gate-server-1],[1398702093325],[disconnect]
[2014-04-29 00:21:33.335] [INFO] crash-log - [32m[D:\projects\git\CrosswordServer\game-server\node_modules\pomelo\lib\master\master.js] [39m[connector],[connector-server-1],[1398702093335],[disconnect]
[2014-04-29 00:22:47.888] [INFO] crash-log - [32m[D:\projects\git\CrosswordServer\game-server\node_modules\pomelo\lib\master\master.js] [39m[gate],[gate-server-1],[1398702167888],[disconnect]
[2014-04-29 00:22:47.888] [INFO] crash-log - [32m[D:\projects\git\CrosswordServer\game-server\node_modules\pomelo\lib\master\master.js] [39m[crossword],[crossword-server-1],[1398702167888],[disconnect]
[2014-04-29 00:22:47.888] [INFO] crash-log - [32m[D:\projects\git\CrosswordServer\game-server\node_modules\pomelo\lib\master\master.js] [39m[connector],[connector-server-1],[1398702167888],[disconnect]
[2014-04-29 00:26:28.693] [INFO] crash-log - [32m[D:\projects\git\CrosswordServer\game-server\node_modules\pomelo\lib\master\master.js] [39m[gate],[gate-server-1],[1398702388693],[disconnect]
[2014-04-29 00:26:28.693] [INFO] crash-log - [32m[D:\projects\git\CrosswordServer\game-server\node_modules\pomelo\lib\master\master.js] [39m[crossword],[crossword-server-1],[1398702388693],[disconnect]
[2014-04-29 00:26:28.693] [INFO] crash-log - [32m[D:\projects\git\CrosswordServer\game-server\node_modules\pomelo\lib\master\master.js] [39m[connector],[connector-server-1],[1398702388693],[disconnect]
[2014-04-29 00:28:57.189] [INFO] crash-log - [32m[D:\projects\git\CrosswordServer\game-server\node_modules\pomelo\lib\master\master.js] [39m[crossword],[crossword-server-1],[1398702537189],[disconnect]
[2014-04-29 00:28:57.199] [INFO] crash-log - [32m[D:\projects\git\CrosswordServer\game-server\node_modules\pomelo\lib\master\master.js] [39m[gate],[gate-server-1],[1398702537199],[disconnect]
[2014-04-29 00:28:57.199] [INFO] crash-log - [32m[D:\projects\git\CrosswordServer\game-server\node_modules\pomelo\lib\master\master.js] [39m[connector],[connector-server-1],[1398702537199],[disconnect]
[2014-04-29 00:31:15.466] [INFO] crash-log - [32m[D:\projects\git\CrosswordServer\game-server\node_modules\pomelo\lib\master\master.js] [39m[crossword],[crossword-server-1],[1398702675466],[disconnect]
[2014-04-29 00:31:15.468] [INFO] crash-log - [32m[D:\projects\git\CrosswordServer\game-server\node_modules\pomelo\lib\master\master.js] [39m[gate],[gate-server-1],[1398702675468],[disconnect]
[2014-04-29 00:31:15.470] [INFO] crash-log - [32m[D:\projects\git\CrosswordServer\game-server\node_modules\pomelo\lib\master\master.js] [39m[connector],[connector-server-1],[1398702675469],[disconnect]
[2014-04-29 00:34:26.992] [INFO] crash-log - [32m[D:\projects\git\CrosswordServer\game-server\node_modules\pomelo\lib\master\master.js] [39m[crossword],[crossword-server-1],[1398702866992],[disconnect]
[2014-04-29 00:34:27.002] [INFO] crash-log - [32m[D:\projects\git\CrosswordServer\game-server\node_modules\pomelo\lib\master\master.js] [39m[gate],[gate-server-1],[1398702867002],[disconnect]
[2014-04-29 00:34:27.002] [INFO] crash-log - [32m[D:\projects\git\CrosswordServer\game-server\node_modules\pomelo\lib\master\master.js] [39m[connector],[connector-server-1],[1398702867002],[disconnect]
[2014-04-29 00:42:20.836] [INFO] crash-log - [32m[D:\projects\git\CrosswordServer\game-server\node_modules\pomelo\lib\master\master.js] [39m[crossword],[crossword-server-1],[1398703340836],[disconnect]
[2014-04-29 00:42:20.836] [INFO] crash-log - [32m[D:\projects\git\CrosswordServer\game-server\node_modules\pomelo\lib\master\master.js] [39m[gate],[gate-server-1],[1398703340836],[disconnect]
[2014-04-29 00:42:20.847] [INFO] crash-log - [32m[D:\projects\git\CrosswordServer\game-server\node_modules\pomelo\lib\master\master.js] [39m[connector],[connector-server-1],[1398703340847],[disconnect]
[2014-04-29 01:37:25.832] [INFO] crash-log - [32m[D:\projects\git\CrosswordServer\game-server\node_modules\pomelo\lib\master\master.js] [39m[crossword],[crossword-server-1],[1398706645832],[disconnect]
[2014-04-29 01:37:25.832] [INFO] crash-log - [32m[D:\projects\git\CrosswordServer\game-server\node_modules\pomelo\lib\master\master.js] [39m[gate],[gate-server-1],[1398706645832],[disconnect]
[2014-04-29 01:37:25.832] [INFO] crash-log - [32m[D:\projects\git\CrosswordServer\game-server\node_modules\pomelo\lib\master\master.js] [39m[connector],[connector-server-1],[1398706645832],[disconnect]
[2014-04-29 01:46:37.401] [INFO] crash-log - [32m[D:\projects\git\CrosswordServer\game-server\node_modules\pomelo\lib\master\master.js] [39m[crossword],[crossword-server-1],[1398707197401],[disconnect]
[2014-04-29 01:46:37.401] [INFO] crash-log - [32m[D:\projects\git\CrosswordServer\game-server\node_modules\pomelo\lib\master\master.js] [39m[gate],[gate-server-1],[1398707197401],[disconnect]
[2014-04-29 01:46:37.411] [INFO] crash-log - [32m[D:\projects\git\CrosswordServer\game-server\node_modules\pomelo\lib\master\master.js] [39m[connector],[connector-server-1],[1398707197411],[disconnect]
[2014-04-29 01:48:18.529] [INFO] crash-log - [32m[D:\projects\git\CrosswordServer\game-server\node_modules\pomelo\lib\master\master.js] [39m[crossword],[crossword-server-1],[1398707298529],[disconnect]
[2014-04-29 02:22:27.623] [INFO] crash-log - [32m[D:\projects\git\CrosswordServer\game-server\node_modules\pomelo\lib\master\master.js] [39m[gate],[gate-server-1],[1398709347623],[disconnect]
[2014-04-29 02:22:27.625] [INFO] crash-log - [32m[D:\projects\git\CrosswordServer\game-server\node_modules\pomelo\lib\master\master.js] [39m[crossword],[crossword-server-1],[1398709347625],[disconnect]
[2014-04-29 02:22:27.626] [INFO] crash-log - [32m[D:\projects\git\CrosswordServer\game-server\node_modules\pomelo\lib\master\master.js] [39m[connector],[connector-server-1],[1398709347626],[disconnect]
[2014-04-29 02:23:59.807] [INFO] crash-log - [32m[D:\projects\git\CrosswordServer\game-server\node_modules\pomelo\lib\master\master.js] [39m[crossword],[crossword-server-1],[1398709439807],[disconnect]
[2014-04-29 02:23:59.807] [INFO] crash-log - [32m[D:\projects\git\CrosswordServer\game-server\node_modules\pomelo\lib\master\master.js] [39m[connector],[connector-server-1],[1398709439807],[disconnect]
[2014-04-29 02:23:59.807] [INFO] crash-log - [32m[D:\projects\git\CrosswordServer\game-server\node_modules\pomelo\lib\master\master.js] [39m[gate],[gate-server-1],[1398709439807],[disconnect]
[2014-04-29 02:25:28.253] [INFO] crash-log - [32m[D:\projects\git\CrosswordServer\game-server\node_modules\pomelo\lib\master\master.js] [39m[crossword],[crossword-server-1],[1398709528253],[disconnect]
[2014-04-29 02:25:28.253] [INFO] crash-log - [32m[D:\projects\git\CrosswordServer\game-server\node_modules\pomelo\lib\master\master.js] [39m[gate],[gate-server-1],[1398709528253],[disconnect]
[2014-04-29 02:25:28.253] [INFO] crash-log - [32m[D:\projects\git\CrosswordServer\game-server\node_modules\pomelo\lib\master\master.js] [39m[connector],[connector-server-1],[1398709528253],[disconnect]
[2014-04-29 02:27:21.075] [INFO] crash-log - [32m[D:\projects\git\CrosswordServer\game-server\node_modules\pomelo\lib\master\master.js] [39m[crossword],[crossword-server-1],[1398709641075],[disconnect]
[2014-04-29 02:27:21.085] [INFO] crash-log - [32m[D:\projects\git\CrosswordServer\game-server\node_modules\pomelo\lib\master\master.js] [39m[gate],[gate-server-1],[1398709641085],[disconnect]
[2014-04-29 02:27:21.085] [INFO] crash-log - [32m[D:\projects\git\CrosswordServer\game-server\node_modules\pomelo\lib\master\master.js] [39m[connector],[connector-server-1],[1398709641085],[disconnect]
[2014-04-29 02:31:18.162] [INFO] crash-log - [32m[D:\projects\git\CrosswordServer\game-server\node_modules\pomelo\lib\master\master.js] [39m[crossword],[crossword-server-1],[1398709878162],[disconnect]
[2014-04-29 02:31:18.162] [INFO] crash-log - [32m[D:\projects\git\CrosswordServer\game-server\node_modules\pomelo\lib\master\master.js] [39m[gate],[gate-server-1],[1398709878162],[disconnect]
[2014-04-29 02:31:18.172] [INFO] crash-log - [32m[D:\projects\git\CrosswordServer\game-server\node_modules\pomelo\lib\master\master.js] [39m[connector],[connector-server-1],[1398709878172],[disconnect]
[2014-04-29 02:48:13.451] [INFO] crash-log - [32m[D:\projects\git\CrosswordServer\game-server\node_modules\pomelo\lib\master\master.js] [39m[crossword],[crossword-server-1],[1398710893451],[disconnect]
[2014-04-29 02:48:13.451] [INFO] crash-log - [32m[D:\projects\git\CrosswordServer\game-server\node_modules\pomelo\lib\master\master.js] [39m[connector],[connector-server-1],[1398710893451],[disconnect]
[2014-04-29 02:48:13.461] [INFO] crash-log - [32m[D:\projects\git\CrosswordServer\game-server\node_modules\pomelo\lib\master\master.js] [39m[gate],[gate-server-1],[1398710893461],[disconnect]
[2014-04-29 02:51:27.468] [INFO] crash-log - [32m[D:\projects\git\CrosswordServer\game-server\node_modules\pomelo\lib\master\master.js] [39m[crossword],[crossword-server-1],[1398711087468],[disconnect]
[2014-04-29 02:51:27.473] [INFO] crash-log - [32m[D:\projects\git\CrosswordServer\game-server\node_modules\pomelo\lib\master\master.js] [39m[gate],[gate-server-1],[1398711087473],[disconnect]
[2014-04-29 02:51:27.475] [INFO] crash-log - [32m[D:\projects\git\CrosswordServer\game-server\node_modules\pomelo\lib\master\master.js] [39m[connector],[connector-server-1],[1398711087475],[disconnect]
[2014-04-29 03:00:46.333] [INFO] crash-log - [32m[D:\projects\git\CrosswordServer\game-server\node_modules\pomelo\lib\master\master.js] [39m[gate],[gate-server-1],[1398711646333],[disconnect]
[2014-04-29 03:00:46.333] [INFO] crash-log - [32m[D:\projects\git\CrosswordServer\game-server\node_modules\pomelo\lib\master\master.js] [39m[crossword],[crossword-server-1],[1398711646333],[disconnect]
[2014-04-29 03:00:46.333] [INFO] crash-log - [32m[D:\projects\git\CrosswordServer\game-server\node_modules\pomelo\lib\master\master.js] [39m[connector],[connector-server-1],[1398711646333],[disconnect]
[2014-04-29 12:30:28.883] [INFO] crash-log - [32m[D:\projects\git\CrosswordServer\game-server\node_modules\pomelo\lib\master\master.js] [39m[client],[pomelo_list_1398745768787],[1398745828883],[disconnect]
[2014-04-29 12:33:46.455] [INFO] crash-log - [32m[D:\projects\git\CrosswordServer\game-server\node_modules\pomelo\lib\master\master.js] [39m[crossword],[crossword-server-1],[1398746026455],[disconnect]
[2014-04-29 12:33:46.455] [INFO] crash-log - [32m[D:\projects\git\CrosswordServer\game-server\node_modules\pomelo\lib\master\master.js] [39m[connector],[connector-server-1],[1398746026455],[disconnect]
[2014-04-29 12:38:38.094] [INFO] crash-log - [32m[D:\projects\git\CrosswordServer\game-server\node_modules\pomelo\lib\master\master.js] [39m[crossword],[crossword-server-1],[1398746318094],[disconnect]
[2014-04-29 12:38:38.094] [INFO] crash-log - [32m[D:\projects\git\CrosswordServer\game-server\node_modules\pomelo\lib\master\master.js] [39m[gate],[gate-server-1],[1398746318094],[disconnect]
[2014-04-29 12:38:38.094] [INFO] crash-log - [32m[D:\projects\git\CrosswordServer\game-server\node_modules\pomelo\lib\master\master.js] [39m[connector],[connector-server-1],[1398746318094],[disconnect]
[2014-04-29 12:38:46.797] [INFO] crash-log - [32m[D:\projects\git\CrosswordServer\game-server\node_modules\pomelo\lib\master\master.js] [39m[client],[pomelo_list_1398746266725],[1398746326797],[disconnect]
[2014-04-29 12:38:50.545] [INFO] crash-log - [32m[D:\projects\git\CrosswordServer\game-server\node_modules\pomelo\lib\master\master.js] [39m[crossword],[crossword-server-1],[1398746330545],[disconnect]
[2014-04-29 12:38:50.545] [INFO] crash-log - [32m[D:\projects\git\CrosswordServer\game-server\node_modules\pomelo\lib\master\master.js] [39m[gate],[gate-server-1],[1398746330545],[disconnect]
[2014-04-29 12:38:50.545] [INFO] crash-log - [32m[D:\projects\git\CrosswordServer\game-server\node_modules\pomelo\lib\master\master.js] [39m[connector],[connector-server-1],[1398746330545],[disconnect]
[2014-04-29 12:48:54.871] [INFO] crash-log - [32m[D:\projects\git\CrosswordServer\game-server\node_modules\pomelo\lib\master\master.js] [39m[crossword],[crossword-server-1],[1398746934871],[disconnect]
[2014-04-29 12:48:54.871] [INFO] crash-log - [32m[D:\projects\git\CrosswordServer\game-server\node_modules\pomelo\lib\master\master.js] [39m[connector],[connector-server-1],[1398746934871],[disconnect]
[2014-04-29 12:53:25.783] [INFO] crash-log - [32m[D:\projects\git\CrosswordServer\game-server\node_modules\pomelo\lib\master\master.js] [39m[client],[pomelo_list_1398747145705],[1398747205783],[disconnect]
[2014-04-29 12:53:58.919] [INFO] crash-log - [32m[D:\projects\git\CrosswordServer\game-server\node_modules\pomelo\lib\master\master.js] [39m[crossword],[crossword-server-1],[1398747238919],[disconnect]
[2014-04-29 12:53:58.919] [INFO] crash-log - [32m[D:\projects\git\CrosswordServer\game-server\node_modules\pomelo\lib\master\master.js] [39m[connector],[connector-server-1],[1398747238919],[disconnect]
[2014-04-29 13:04:02.712] [INFO] crash-log - [32m[D:\projects\git\CrosswordServer\game-server\node_modules\pomelo\lib\master\master.js] [39m[crossword],[crossword-server-1],[1398747842712],[disconnect]
[2014-04-29 13:04:02.712] [INFO] crash-log - [32m[D:\projects\git\CrosswordServer\game-server\node_modules\pomelo\lib\master\master.js] [39m[gate],[gate-server-1],[1398747842712],[disconnect]
[2014-04-29 13:04:02.712] [INFO] crash-log - [32m[D:\projects\git\CrosswordServer\game-server\node_modules\pomelo\lib\master\master.js] [39m[connector],[connector-server-1],[1398747842712],[disconnect]
[2014-04-29 13:09:44.355] [INFO] crash-log - [32m[D:\projects\git\CrosswordServer\game-server\node_modules\pomelo\lib\master\master.js] [39m[crossword],[crossword-server-1],[1398748184355],[disconnect]
[2014-04-29 13:09:44.365] [INFO] crash-log - [32m[D:\projects\git\CrosswordServer\game-server\node_modules\pomelo\lib\master\master.js] [39m[gate],[gate-server-1],[1398748184365],[disconnect]
[2014-04-29 13:11:44.629] [INFO] crash-log - [32m[D:\projects\git\CrosswordServer\game-server\node_modules\pomelo\lib\master\master.js] [39m[crossword],[crossword-server-1],[1398748304629],[disconnect]
[2014-04-29 13:11:44.631] [INFO] crash-log - [32m[D:\projects\git\CrosswordServer\game-server\node_modules\pomelo\lib\master\master.js] [39m[connector],[connector-server-1],[1398748304631],[disconnect]
[2014-04-29 13:11:44.631] [INFO] crash-log - [32m[D:\projects\git\CrosswordServer\game-server\node_modules\pomelo\lib\master\master.js] [39m[gate],[gate-server-1],[1398748304631],[disconnect]
[2014-04-29 13:17:05.290] [INFO] crash-log - [32m[D:\projects\git\CrosswordServer\game-server\node_modules\pomelo\lib\master\master.js] [39m[crossword],[crossword-server-1],[1398748625290],[disconnect]
[2014-04-29 13:17:05.300] [INFO] crash-log - [32m[D:\projects\git\CrosswordServer\game-server\node_modules\pomelo\lib\master\master.js] [39m[connector],[connector-server-1],[1398748625300],[disconnect]
[2014-04-29 13:17:05.300] [INFO] crash-log - [32m[D:\projects\git\CrosswordServer\game-server\node_modules\pomelo\lib\master\master.js] [39m[gate],[gate-server-1],[1398748625300],[disconnect]
[2014-04-29 13:17:37.655] [INFO] crash-log - [32m[D:\projects\git\CrosswordServer\game-server\node_modules\pomelo\lib\master\master.js] [39m[crossword],[crossword-server-1],[1398748657655],[disconnect]
[2014-04-29 13:17:37.655] [INFO] crash-log - [32m[D:\projects\git\CrosswordServer\game-server\node_modules\pomelo\lib\master\master.js] [39m[connector],[connector-server-1],[1398748657655],[disconnect]
[2014-04-29 13:17:37.655] [INFO] crash-log - [32m[D:\projects\git\CrosswordServer\game-server\node_modules\pomelo\lib\master\master.js] [39m[gate],[gate-server-1],[1398748657655],[disconnect]
[2014-04-29 13:24:48.052] [INFO] crash-log - [32m[D:\projects\git\CrosswordServer\game-server\node_modules\pomelo\lib\master\master.js] [39m[crossword],[crossword-server-1],[1398749088052],[disconnect]
[2014-04-29 13:24:48.062] [INFO] crash-log - [32m[D:\projects\git\CrosswordServer\game-server\node_modules\pomelo\lib\master\master.js] [39m[gate],[gate-server-1],[1398749088062],[disconnect]
[2014-04-29 13:25:25.602] [INFO] crash-log - [32m[D:\projects\git\CrosswordServer\game-server\node_modules\pomelo\lib\master\master.js] [39m[crossword],[crossword-server-1],[1398749125602],[disconnect]
[2014-04-30 15:47:58.822] [INFO] crash-log - [32m[D:\projects\git\CrosswordServer\game-server\node_modules\pomelo\lib\master\master.js] [39m[gate],[gate-server-1],[1398844078822],[disconnect]
[2014-04-30 15:47:58.832] [INFO] crash-log - [32m[D:\projects\git\CrosswordServer\game-server\node_modules\pomelo\lib\master\master.js] [39m[connector],[connector-server-1],[1398844078832],[disconnect]
[2014-04-30 15:47:58.832] [INFO] crash-log - [32m[D:\projects\git\CrosswordServer\game-server\node_modules\pomelo\lib\master\master.js] [39m[crossword],[crossword-server-1],[1398844078832],[disconnect]
[2014-05-04 22:09:42.460] [INFO] crash-log - [32m[D:\projects\git\CrosswordServer\game-server\node_modules\pomelo\lib\master\master.js] [39m[crossword],[crossword-server-1],[1399212582460],[disconnect]
[2014-05-04 22:09:42.470] [INFO] crash-log - [32m[D:\projects\git\CrosswordServer\game-server\node_modules\pomelo\lib\master\master.js] [39m[connector],[connector-server-1],[1399212582470],[disconnect]
[2014-05-04 22:09:42.470] [INFO] crash-log - [32m[D:\projects\git\CrosswordServer\game-server\node_modules\pomelo\lib\master\master.js] [39m[gate],[gate-server-1],[1399212582470],[disconnect]
[2014-05-04 22:19:58.401] [INFO] crash-log - [32m[D:\projects\git\CrosswordServer\game-server\node_modules\pomelo\lib\master\master.js] [39m[gate],[gate-server-1],[1399213198401],[disconnect]
[2014-05-04 22:19:58.411] [INFO] crash-log - [32m[D:\projects\git\CrosswordServer\game-server\node_modules\pomelo\lib\master\master.js] [39m[connector],[connector-server-1],[1399213198411],[disconnect]
[2014-05-04 22:19:58.411] [INFO] crash-log - [32m[D:\projects\git\CrosswordServer\game-server\node_modules\pomelo\lib\master\master.js] [39m[crossword],[crossword-server-1],[1399213198411],[disconnect]
[2014-05-04 22:20:32.599] [INFO] crash-log - [32m[D:\projects\git\CrosswordServer\game-server\node_modules\pomelo\lib\master\master.js] [39m[gate],[gate-server-1],[1399213232599],[disconnect]
[2014-05-04 22:20:32.599] [INFO] crash-log - [32m[D:\projects\git\CrosswordServer\game-server\node_modules\pomelo\lib\master\master.js] [39m[crossword],[crossword-server-1],[1399213232599],[disconnect]
[2014-05-04 22:20:32.599] [INFO] crash-log - [32m[D:\projects\git\CrosswordServer\game-server\node_modules\pomelo\lib\master\master.js] [39m[connector],[connector-server-1],[1399213232599],[disconnect]
[2014-05-04 22:27:22.975] [INFO] crash-log - [32m[D:\projects\git\CrosswordServer\game-server\node_modules\pomelo\lib\master\master.js] [39m[crossword],[crossword-server-1],[1399213642975],[disconnect]
[2014-05-04 22:27:22.975] [INFO] crash-log - [32m[D:\projects\git\CrosswordServer\game-server\node_modules\pomelo\lib\master\master.js] [39m[gate],[gate-server-1],[1399213642975],[disconnect]
[2014-05-04 22:27:22.975] [INFO] crash-log - [32m[D:\projects\git\CrosswordServer\game-server\node_modules\pomelo\lib\master\master.js] [39m[connector],[connector-server-1],[1399213642975],[disconnect]
[2014-05-04 22:27:37.751] [INFO] crash-log - [32m[D:\projects\git\CrosswordServer\game-server\node_modules\pomelo\lib\master\master.js] [39m[crossword],[crossword-server-1],[1399213657751],[disconnect]
[2014-05-04 22:27:37.751] [INFO] crash-log - [32m[D:\projects\git\CrosswordServer\game-server\node_modules\pomelo\lib\master\master.js] [39m[gate],[gate-server-1],[1399213657751],[disconnect]
[2014-05-04 22:27:37.751] [INFO] crash-log - [32m[D:\projects\git\CrosswordServer\game-server\node_modules\pomelo\lib\master\master.js] [39m[connector],[connector-server-1],[1399213657751],[disconnect]
[2014-05-06 23:40:12.684] [INFO] crash-log - [32m[D:\projects\git\CrosswordServer\game-server\node_modules\pomelo\lib\master\master.js] [39m[crossword],[crossword-server-1],[1399390812684],[disconnect]
[2014-05-06 23:40:12.685] [INFO] crash-log - [32m[D:\projects\git\CrosswordServer\game-server\node_modules\pomelo\lib\master\master.js] [39m[gate],[gate-server-1],[1399390812685],[disconnect]
[2014-05-06 23:54:31.480] [INFO] crash-log - [32m[D:\projects\git\CrosswordServer\game-server\node_modules\pomelo\lib\master\master.js] [39m[gate],[gate-server-1],[1399391671480],[disconnect]
[2014-05-06 23:54:31.480] [INFO] crash-log - [32m[D:\projects\git\CrosswordServer\game-server\node_modules\pomelo\lib\master\master.js] [39m[crossword],[crossword-server-1],[1399391671480],[disconnect]
[2014-05-06 23:54:31.480] [INFO] crash-log - [32m[D:\projects\git\CrosswordServer\game-server\node_modules\pomelo\lib\master\master.js] [39m[connector],[connector-server-1],[1399391671480],[disconnect]
[2014-05-06 23:58:28.469] [INFO] crash-log - [32m[D:\projects\git\CrosswordServer\game-server\node_modules\pomelo\lib\master\master.js] [39m[crossword],[crossword-server-1],[1399391908469],[disconnect]
[2014-05-06 23:58:28.469] [INFO] crash-log - [32m[D:\projects\git\CrosswordServer\game-server\node_modules\pomelo\lib\master\master.js] [39m[gate],[gate-server-1],[1399391908469],[disconnect]
[2014-05-06 23:58:28.469] [INFO] crash-log - [32m[D:\projects\git\CrosswordServer\game-server\node_modules\pomelo\lib\master\master.js] [39m[connector],[connector-server-1],[1399391908469],[disconnect]
[2014-05-07 00:02:11.484] [INFO] crash-log - [32m[D:\projects\git\CrosswordServer\game-server\node_modules\pomelo\lib\master\master.js] [39m[crossword],[crossword-server-1],[1399392131484],[disconnect]
[2014-05-07 00:02:11.494] [INFO] crash-log - [32m[D:\projects\git\CrosswordServer\game-server\node_modules\pomelo\lib\master\master.js] [39m[gate],[gate-server-1],[1399392131494],[disconnect]
[2014-05-07 00:06:19.110] [INFO] crash-log - [32m[D:\projects\git\CrosswordServer\game-server\node_modules\pomelo\lib\master\master.js] [39m[crossword],[crossword-server-1],[1399392379110],[disconnect]
[2014-05-07 00:06:19.120] [INFO] crash-log - [32m[D:\projects\git\CrosswordServer\game-server\node_modules\pomelo\lib\master\master.js] [39m[gate],[gate-server-1],[1399392379120],[disconnect]
[2014-05-07 00:06:19.120] [INFO] crash-log - [32m[D:\projects\git\CrosswordServer\game-server\node_modules\pomelo\lib\master\master.js] [39m[connector],[connector-server-1],[1399392379120],[disconnect]
[2014-05-07 00:09:21.373] [INFO] crash-log - [32m[D:\projects\git\CrosswordServer\game-server\node_modules\pomelo\lib\master\master.js] [39m[gate],[gate-server-1],[1399392561373],[disconnect]
[2014-05-07 00:09:21.373] [INFO] crash-log - [32m[D:\projects\git\CrosswordServer\game-server\node_modules\pomelo\lib\master\master.js] [39m[crossword],[crossword-server-1],[1399392561373],[disconnect]
[2014-05-07 00:13:53.705] [INFO] crash-log - [32m[D:\projects\git\CrosswordServer\game-server\node_modules\pomelo\lib\master\master.js] [39m[connector],[connector-server-1],[1399392833705],[disconnect]
[2014-05-07 00:13:53.705] [INFO] crash-log - [32m[D:\projects\git\CrosswordServer\game-server\node_modules\pomelo\lib\master\master.js] [39m[gate],[gate-server-1],[1399392833705],[disconnect]
[2014-05-07 00:13:53.715] [INFO] crash-log - [32m[D:\projects\git\CrosswordServer\game-server\node_modules\pomelo\lib\master\master.js] [39m[crossword],[crossword-server-1],[1399392833715],[disconnect]
[2014-05-19 22:07:41.401] [INFO] crash-log - [32m[D:\projects\git\CrosswordServer\game-server\node_modules\pomelo\lib\master\master.js] [39m[crossword],[crossword-server-1],[1400508461401],[disconnect]
[2014-05-19 22:07:41.401] [INFO] crash-log - [32m[D:\projects\git\CrosswordServer\game-server\node_modules\pomelo\lib\master\master.js] [39m[connector],[connector-server-1],[1400508461401],[disconnect]
[2014-05-19 22:07:41.401] [INFO] crash-log - [32m[D:\projects\git\CrosswordServer\game-server\node_modules\pomelo\lib\master\master.js] [39m[gate],[gate-server-1],[1400508461401],[disconnect]
[2014-05-19 22:13:20.623] [INFO] crash-log - [32m[D:\projects\git\CrosswordServer\game-server\node_modules\pomelo\lib\master\master.js] [39m[crossword],[crossword-server-1],[1400508800623],[disconnect]
[2014-05-19 22:13:20.623] [INFO] crash-log - [32m[D:\projects\git\CrosswordServer\game-server\node_modules\pomelo\lib\master\master.js] [39m[gate],[gate-server-1],[1400508800623],[disconnect]
[2014-05-19 22:13:20.623] [INFO] crash-log - [32m[D:\projects\git\CrosswordServer\game-server\node_modules\pomelo\lib\master\master.js] [39m[connector],[connector-server-1],[1400508800623],[disconnect]
[2014-05-19 22:28:11.611] [INFO] crash-log - [32m[D:\projects\git\CrosswordServer\game-server\node_modules\pomelo\lib\master\master.js] [39m[crossword],[crossword-server-1],[1400509691611],[disconnect]
[2014-05-19 22:28:11.611] [INFO] crash-log - [32m[D:\projects\git\CrosswordServer\game-server\node_modules\pomelo\lib\master\master.js] [39m[gate],[gate-server-1],[1400509691611],[disconnect]
[2014-05-19 22:29:04.522] [INFO] crash-log - [32m[D:\projects\git\CrosswordServer\game-server\node_modules\pomelo\lib\master\master.js] [39m[crossword],[crossword-server-1],[1400509744522],[disconnect]
[2014-05-19 22:29:04.522] [INFO] crash-log - [32m[D:\projects\git\CrosswordServer\game-server\node_modules\pomelo\lib\master\master.js] [39m[gate],[gate-server-1],[1400509744522],[disconnect]
[2014-05-19 22:29:04.522] [INFO] crash-log - [32m[D:\projects\git\CrosswordServer\game-server\node_modules\pomelo\lib\master\master.js] [39m[connector],[connector-server-1],[1400509744522],[disconnect]
[2014-05-21 22:36:17.589] [INFO] crash-log - [32m[D:\projects\git\CrosswordServer\game-server\node_modules\pomelo\lib\master\master.js] [39m[gate],[gate-server-1],[1400682977589],[disconnect]
[2014-05-21 22:36:17.591] [INFO] crash-log - [32m[D:\projects\git\CrosswordServer\game-server\node_modules\pomelo\lib\master\master.js] [39m[crossword],[crossword-server-1],[1400682977591],[disconnect]
[2014-05-21 22:36:17.593] [INFO] crash-log - [32m[D:\projects\git\CrosswordServer\game-server\node_modules\pomelo\lib\master\master.js] [39m[connector],[connector-server-1],[1400682977593],[disconnect]
[2014-05-21 22:56:30.352] [INFO] crash-log - [32m[D:\projects\git\CrosswordServer\game-server\node_modules\pomelo\lib\master\master.js] [39m[crossword],[crossword-server-1],[1400684190352],[disconnect]
[2014-05-21 22:56:30.354] [INFO] crash-log - [32m[D:\projects\git\CrosswordServer\game-server\node_modules\pomelo\lib\master\master.js] [39m[connector],[connector-server-1],[1400684190354],[disconnect]
[2014-05-21 22:56:30.356] [INFO] crash-log - [32m[D:\projects\git\CrosswordServer\game-server\node_modules\pomelo\lib\master\master.js] [39m[gate],[gate-server-1],[1400684190356],[disconnect]
[2014-05-21 22:59:50.488] [INFO] crash-log - [32m[D:\projects\git\CrosswordServer\game-server\node_modules\pomelo\lib\master\master.js] [39m[crossword],[crossword-server-1],[1400684390488],[disconnect]
[2014-05-21 22:59:50.491] [INFO] crash-log - [32m[D:\projects\git\CrosswordServer\game-server\node_modules\pomelo\lib\master\master.js] [39m[connector],[connector-server-1],[1400684390491],[disconnect]
[2014-05-21 22:59:50.494] [INFO] crash-log - [32m[D:\projects\git\CrosswordServer\game-server\node_modules\pomelo\lib\master\master.js] [39m[gate],[gate-server-1],[1400684390494],[disconnect]
[2014-05-21 23:27:58.915] [INFO] crash-log - [32m[D:\projects\git\CrosswordServer\game-server\node_modules\pomelo\lib\master\master.js] [39m[crossword],[crossword-server-1],[1400686078915],[disconnect]
[2014-05-21 23:27:58.917] [INFO] crash-log - [32m[D:\projects\git\CrosswordServer\game-server\node_modules\pomelo\lib\master\master.js] [39m[gate],[gate-server-1],[1400686078917],[disconnect]
[2014-05-21 23:27:58.919] [INFO] crash-log - [32m[D:\projects\git\CrosswordServer\game-server\node_modules\pomelo\lib\master\master.js] [39m[connector],[connector-server-1],[1400686078919],[disconnect]
[2014-06-03 22:39:13.938] [INFO] crash-log - [32m[D:\projects\git\CrosswordServer\game-server\node_modules\pomelo\lib\master\master.js] [39m[crossword],[crossword-server-1],[1401806353938],[disconnect]
[2014-06-03 22:39:13.941] [INFO] crash-log - [32m[D:\projects\git\CrosswordServer\game-server\node_modules\pomelo\lib\master\master.js] [39m[gate],[gate-server-1],[1401806353941],[disconnect]
[2014-06-03 22:39:13.945] [INFO] crash-log - [32m[D:\projects\git\CrosswordServer\game-server\node_modules\pomelo\lib\master\master.js] [39m[connector],[connector-server-1],[1401806353945],[disconnect]
[2014-06-04 16:39:28.728] [INFO] crash-log - [32m[D:\projects\git\CrosswordServer\game-server\node_modules\pomelo\lib\master\master.js] [39m[crossword],[crossword-server-1],[1401871168728],[disconnect]
[2014-06-04 16:39:28.732] [INFO] crash-log - [32m[D:\projects\git\CrosswordServer\game-server\node_modules\pomelo\lib\master\master.js] [39m[gate],[gate-server-1],[1401871168732],[disconnect]
[2014-06-04 16:39:28.732] [INFO] crash-log - [32m[D:\projects\git\CrosswordServer\game-server\node_modules\pomelo\lib\master\master.js] [39m[connector],[connector-server-1],[1401871168732],[disconnect]
[2014-06-04 16:55:19.154] [INFO] crash-log - [32m[D:\projects\git\CrosswordServer\game-server\node_modules\pomelo\lib\master\master.js] [39m[crossword],[crossword-server-1],[1401872119154],[disconnect]
[2014-06-04 16:55:19.157] [INFO] crash-log - [32m[D:\projects\git\CrosswordServer\game-server\node_modules\pomelo\lib\master\master.js] [39m[connector],[connector-server-1],[1401872119157],[disconnect]
[2014-06-04 16:55:19.158] [INFO] crash-log - [32m[D:\projects\git\CrosswordServer\game-server\node_modules\pomelo\lib\master\master.js] [39m[gate],[gate-server-1],[1401872119158],[disconnect]
[2014-06-04 16:56:54.727] [INFO] crash-log - [32m[D:\projects\git\CrosswordServer\game-server\node_modules\pomelo\lib\master\master.js] [39m[crossword],[crossword-server-1],[1401872214726],[disconnect]
[2014-06-04 16:56:54.729] [INFO] crash-log - [32m[D:\projects\git\CrosswordServer\game-server\node_modules\pomelo\lib\master\master.js] [39m[gate],[gate-server-1],[1401872214729],[disconnect]
[2014-06-04 16:56:54.731] [INFO] crash-log - [32m[D:\projects\git\CrosswordServer\game-server\node_modules\pomelo\lib\master\master.js] [39m[connector],[connector-server-1],[1401872214731],[disconnect]
[2014-06-04 17:00:49.372] [INFO] crash-log - [32m[D:\projects\git\CrosswordServer\game-server\node_modules\pomelo\lib\master\master.js] [39m[crossword],[crossword-server-1],[1401872449372],[disconnect]
[2014-06-04 17:00:49.374] [INFO] crash-log - [32m[D:\projects\git\CrosswordServer\game-server\node_modules\pomelo\lib\master\master.js] [39m[gate],[gate-server-1],[1401872449373],[disconnect]
[2014-06-04 17:00:49.374] [INFO] crash-log - [32m[D:\projects\git\CrosswordServer\game-server\node_modules\pomelo\lib\master\master.js] [39m[connector],[connector-server-1],[1401872449374],[disconnect]
[2014-06-04 17:03:14.655] [INFO] crash-log - [32m[D:\projects\git\CrosswordServer\game-server\node_modules\pomelo\lib\master\master.js] [39m[gate],[gate-server-1],[1401872594655],[disconnect]
[2014-06-04 17:03:14.657] [INFO] crash-log - [32m[D:\projects\git\CrosswordServer\game-server\node_modules\pomelo\lib\master\master.js] [39m[connector],[connector-server-1],[1401872594657],[disconnect]
[2014-06-04 17:03:14.660] [INFO] crash-log - [32m[D:\projects\git\CrosswordServer\game-server\node_modules\pomelo\lib\master\master.js] [39m[crossword],[crossword-server-1],[1401872594660],[disconnect]
[2014-06-04 17:04:24.471] [INFO] crash-log - [32m[D:\projects\git\CrosswordServer\game-server\node_modules\pomelo\lib\master\master.js] [39m[crossword],[crossword-server-1],[1401872664471],[disconnect]
[2014-06-04 17:04:24.473] [INFO] crash-log - [32m[D:\projects\git\CrosswordServer\game-server\node_modules\pomelo\lib\master\master.js] [39m[gate],[gate-server-1],[1401872664473],[disconnect]
[2014-06-04 17:04:24.473] [INFO] crash-log - [32m[D:\projects\git\CrosswordServer\game-server\node_modules\pomelo\lib\master\master.js] [39m[connector],[connector-server-1],[1401872664473],[disconnect]
[2014-06-04 17:06:21.065] [INFO] crash-log - [32m[D:\projects\git\CrosswordServer\game-server\node_modules\pomelo\lib\master\master.js] [39m[crossword],[crossword-server-1],[1401872781065],[disconnect]
[2014-06-04 17:06:21.067] [INFO] crash-log - [32m[D:\projects\git\CrosswordServer\game-server\node_modules\pomelo\lib\master\master.js] [39m[gate],[gate-server-1],[1401872781067],[disconnect]
[2014-06-04 17:06:21.068] [INFO] crash-log - [32m[D:\projects\git\CrosswordServer\game-server\node_modules\pomelo\lib\master\master.js] [39m[connector],[connector-server-1],[1401872781068],[disconnect]
[2014-06-04 17:10:12.425] [INFO] crash-log - [32m[D:\projects\git\CrosswordServer\game-server\node_modules\pomelo\lib\master\master.js] [39m[gate],[gate-server-1],[1401873012425],[disconnect]
[2014-06-04 17:10:12.433] [INFO] crash-log - [32m[D:\projects\git\CrosswordServer\game-server\node_modules\pomelo\lib\master\master.js] [39m[crossword],[crossword-server-1],[1401873012433],[disconnect]
[2014-06-04 17:18:01.387] [INFO] crash-log - [32m[D:\projects\git\CrosswordServer\game-server\node_modules\pomelo\lib\master\master.js] [39m[connector],[connector-server-1],[1401873481387],[disconnect]
[2014-06-04 17:18:01.389] [INFO] crash-log - [32m[D:\projects\git\CrosswordServer\game-server\node_modules\pomelo\lib\master\master.js] [39m[gate],[gate-server-1],[1401873481389],[disconnect]
[2014-06-04 17:18:01.390] [INFO] crash-log - [32m[D:\projects\git\CrosswordServer\game-server\node_modules\pomelo\lib\master\master.js] [39m[crossword],[crossword-server-1],[1401873481390],[disconnect]
[2014-06-04 17:22:28.644] [INFO] crash-log - [32m[D:\projects\git\CrosswordServer\game-server\node_modules\pomelo\lib\master\master.js] [39m[crossword],[crossword-server-1],[1401873748644],[disconnect]
[2014-06-04 17:22:28.649] [INFO] crash-log - [32m[D:\projects\git\CrosswordServer\game-server\node_modules\pomelo\lib\master\master.js] [39m[gate],[gate-server-1],[1401873748649],[disconnect]
[2014-06-04 17:22:28.650] [INFO] crash-log - [32m[D:\projects\git\CrosswordServer\game-server\node_modules\pomelo\lib\master\master.js] [39m[connector],[connector-server-1],[1401873748650],[disconnect]
[2014-06-04 17:25:47.917] [INFO] crash-log - [32m[D:\projects\git\CrosswordServer\game-server\node_modules\pomelo\lib\master\master.js] [39m[crossword],[crossword-server-1],[1401873947917],[disconnect]
[2014-06-04 17:25:47.919] [INFO] crash-log - [32m[D:\projects\git\CrosswordServer\game-server\node_modules\pomelo\lib\master\master.js] [39m[gate],[gate-server-1],[1401873947919],[disconnect]
[2014-06-04 17:25:47.921] [INFO] crash-log - [32m[D:\projects\git\CrosswordServer\game-server\node_modules\pomelo\lib\master\master.js] [39m[connector],[connector-server-1],[1401873947921],[disconnect]
[2014-06-04 17:28:10.397] [INFO] crash-log - [32m[D:\projects\git\CrosswordServer\game-server\node_modules\pomelo\lib\master\master.js] [39m[gate],[gate-server-1],[1401874090397],[disconnect]
[2014-06-04 17:28:10.398] [INFO] crash-log - [32m[D:\projects\git\CrosswordServer\game-server\node_modules\pomelo\lib\master\master.js] [39m[crossword],[crossword-server-1],[1401874090398],[disconnect]
[2014-06-04 17:28:10.400] [INFO] crash-log - [32m[D:\projects\git\CrosswordServer\game-server\node_modules\pomelo\lib\master\master.js] [39m[connector],[connector-server-1],[1401874090399],[disconnect]
[2014-06-04 17:30:46.878] [INFO] crash-log - [32m[D:\projects\git\CrosswordServer\game-server\node_modules\pomelo\lib\master\master.js] [39m[crossword],[crossword-server-1],[1401874246878],[disconnect]
[2014-06-04 17:30:46.880] [INFO] crash-log - [32m[D:\projects\git\CrosswordServer\game-server\node_modules\pomelo\lib\master\master.js] [39m[connector],[connector-server-1],[1401874246880],[disconnect]
[2014-06-04 17:30:46.880] [INFO] crash-log - [32m[D:\projects\git\CrosswordServer\game-server\node_modules\pomelo\lib\master\master.js] [39m[gate],[gate-server-1],[1401874246880],[disconnect]
[2014-06-04 17:32:33.751] [INFO] crash-log - [32m[D:\projects\git\CrosswordServer\game-server\node_modules\pomelo\lib\master\master.js] [39m[crossword],[crossword-server-1],[1401874353751],[disconnect]
[2014-06-04 17:32:33.752] [INFO] crash-log - [32m[D:\projects\git\CrosswordServer\game-server\node_modules\pomelo\lib\master\master.js] [39m[gate],[gate-server-1],[1401874353752],[disconnect]
[2014-06-04 17:32:33.755] [INFO] crash-log - [32m[D:\projects\git\CrosswordServer\game-server\node_modules\pomelo\lib\master\master.js] [39m[connector],[connector-server-1],[1401874353755],[disconnect]
[2014-06-04 17:33:58.099] [INFO] crash-log - [32m[D:\projects\git\CrosswordServer\game-server\node_modules\pomelo\lib\master\master.js] [39m[crossword],[crossword-server-1],[1401874438099],[disconnect]
[2014-06-04 17:33:58.101] [INFO] crash-log - [32m[D:\projects\git\CrosswordServer\game-server\node_modules\pomelo\lib\master\master.js] [39m[gate],[gate-server-1],[1401874438101],[disconnect]
[2014-06-04 17:33:58.102] [INFO] crash-log - [32m[D:\projects\git\CrosswordServer\game-server\node_modules\pomelo\lib\master\master.js] [39m[connector],[connector-server-1],[1401874438102],[disconnect]
[2014-06-04 17:38:21.516] [INFO] crash-log - [32m[D:\projects\git\CrosswordServer\game-server\node_modules\pomelo\lib\master\master.js] [39m[gate],[gate-server-1],[1401874701516],[disconnect]
[2014-06-04 17:38:21.517] [INFO] crash-log - [32m[D:\projects\git\CrosswordServer\game-server\node_modules\pomelo\lib\master\master.js] [39m[connector],[connector-server-1],[1401874701517],[disconnect]
[2014-06-04 17:38:21.518] [INFO] crash-log - [32m[D:\projects\git\CrosswordServer\game-server\node_modules\pomelo\lib\master\master.js] [39m[crossword],[crossword-server-1],[1401874701518],[disconnect]
[2014-06-04 17:47:32.180] [INFO] crash-log - [32m[D:\projects\git\CrosswordServer\game-server\node_modules\pomelo\lib\master\master.js] [39m[gate],[gate-server-1],[1401875252180],[disconnect]
[2014-06-04 17:47:32.181] [INFO] crash-log - [32m[D:\projects\git\CrosswordServer\game-server\node_modules\pomelo\lib\master\master.js] [39m[crossword],[crossword-server-1],[1401875252181],[disconnect]
[2014-06-04 17:47:32.182] [INFO] crash-log - [32m[D:\projects\git\CrosswordServer\game-server\node_modules\pomelo\lib\master\master.js] [39m[connector],[connector-server-1],[1401875252182],[disconnect]
[2014-06-05 02:39:32.554] [INFO] crash-log - [32m[D:\projects\git\CrosswordServer\game-server\node_modules\pomelo\lib\master\master.js] [39m[crossword],[crossword-server-1],[1401907172554],[disconnect]
[2014-06-05 02:39:32.555] [INFO] crash-log - [32m[D:\projects\git\CrosswordServer\game-server\node_modules\pomelo\lib\master\master.js] [39m[gate],[gate-server-1],[1401907172555],[disconnect]
[2014-06-05 02:39:32.556] [INFO] crash-log - [32m[D:\projects\git\CrosswordServer\game-server\node_modules\pomelo\lib\master\master.js] [39m[connector],[connector-server-1],[1401907172556],[disconnect]
[2014-06-05 02:43:24.185] [INFO] crash-log - [32m[D:\projects\git\CrosswordServer\game-server\node_modules\pomelo\lib\master\master.js] [39m[crossword],[crossword-server-1],[1401907404185],[disconnect]
[2014-06-05 02:43:24.189] [INFO] crash-log - [32m[D:\projects\git\CrosswordServer\game-server\node_modules\pomelo\lib\master\master.js] [39m[gate],[gate-server-1],[1401907404189],[disconnect]
[2014-06-05 02:43:24.190] [INFO] crash-log - [32m[D:\projects\git\CrosswordServer\game-server\node_modules\pomelo\lib\master\master.js] [39m[connector],[connector-server-1],[1401907404190],[disconnect]
